Using pre-set license

 COMMAND LINE ARGUMENTS:
/Applications/Unity/Hub/Editor/2020.3.12f1/Unity.app/Contents/MacOS/Unity
-adb2
-batchMode
-noUpm
-name
AssetImportWorker0
-projectPath
/Users/ngtk/Development/VRpractice/VRpractice
-logFile
Logs/AssetImportWorker0.log
-srvPort
53988
Successfully changed project path to: /Users/ngtk/Development/VRpractice/VRpractice
/Users/ngtk/Development/VRpractice/VRpractice
Using Asset Import Pipeline V2.
Refreshing native plugins compatible for Editor in 48.79 ms, found 6 plugins.
Preloading 1 native plugins for Editor in 10.49 ms.
Initialize engine version: 2020.3.12f1 (b3b2c6512326)
[Subsystems] Discovering subsystems at path /Applications/Unity/Hub/Editor/2020.3.12f1/Unity.app/Contents/Resources/UnitySubsystems
[Subsystems] Discovering subsystems at path /Users/ngtk/Development/VRpractice/VRpractice/Assets
GfxDevice: creating device client; threaded=0
2021-06-20 20:27:04.758 Unity[85029:265125] (null) preferred device: Apple M1 (high power)
2021-06-20 20:27:04.758 Unity[85029:265125] Metal devices available: 1
2021-06-20 20:27:04.758 Unity[85029:265125] 0: Apple M1 (high power)
2021-06-20 20:27:04.758 Unity[85029:265125] Using device Apple M1 (high power)
Initializing Metal device caps: Apple M1
Shader 'Oculus/OVRMRCameraFrameLit': fallback shader 'Alpha-Diffuse' not found
Initialize mono
Mono path[0] = '/Applications/Unity/Hub/Editor/2020.3.12f1/Unity.app/Contents/Managed'
Mono path[1] = '/Applications/Unity/Hub/Editor/2020.3.12f1/Unity.app/Contents/MonoBleedingEdge/lib/mono/unityjit'
Mono config path = '/Applications/Unity/Hub/Editor/2020.3.12f1/Unity.app/Contents/MonoBleedingEdge/etc'
Using monoOptions --debugger-agent=transport=dt_socket,embedding=1,server=y,suspend=n,address=127.0.0.1:56029
Begin MonoManager ReloadAssembly
Registering precompiled unity dll's ...
Register platform support module: /Applications/Unity/Hub/Editor/2020.3.12f1/Unity.app/Contents/PlaybackEngines/MacStandaloneSupport/UnityEditor.OSXStandalone.Extensions.dll
Registered in 0.000380 seconds.
Native extension for OSXStandalone target not found
Refreshing native plugins compatible for Editor in 43.60 ms, found 6 plugins.
Preloading 1 native plugins for Editor in 0.42 ms.
Mono: successfully reloaded assembly
- Completed reload, in  2.912 seconds
Platform modules already initialized, skipping
Registering precompiled user dll's ...
Registered in 0.003273 seconds.
Begin MonoManager ReloadAssembly
Native extension for OSXStandalone target not found
Refreshing native plugins compatible for Editor in 0.63 ms, found 6 plugins.
Preloading 1 native plugins for Editor in 0.41 ms.
Mono: successfully reloaded assembly
- Completed reload, in  2.293 seconds
Platform modules already initialized, skipping
========================================================================
Worker process is ready to serve import requests
Shader 'Oculus/OVRMRCameraFrameLit': fallback shader 'Alpha-Diffuse' not found
Launching external process: /Applications/Unity/Hub/Editor/2020.3.12f1/Unity.app/Contents/Tools/UnityShaderCompiler
Launched and connected shader compiler UnityShaderCompiler after 0.02 seconds
Refreshing native plugins compatible for Editor in 0.55 ms, found 6 plugins.
Preloading 1 native plugins for Editor in 0.39 ms.
Unloading 2033 Unused Serialized files (Serialized files now loaded: 0)
System memory in use before: 180.0 MB.
System memory in use after: 179.8 MB.

Unloading 45 unused Assets to reduce memory usage. Loaded Objects now: 2446.
Total: 1.824458 ms (FindLiveObjects: 0.121292 ms CreateObjectMapping: 0.036583 ms MarkObjects: 1.354666 ms  DeleteObjects: 0.311167 ms)

AssetImportParameters requested are different than current active one (requested -> active):
  colorSpace: 1 -> 0
  custom:video-decoder-ogg-theora: a1e56fd34408186e4bbccfd4996cb3dc -> 
  custom:container-muxer-webm: aa71ff27fc2769a1b78a27578f13a17b -> 
  custom:container-demuxer-webm: 4f35f7cbe854078d1ac9338744f61a02 -> 
  custom:container-demuxer-ogg: 62fdf1f143b41e24485cea50d1cbac27 -> 
  custom:video-encoder-webm-vp8: eb34c28f22e8b96e1ab97ce403110664 -> 
  custom:framework-osx-AVFoundation: e770b220cccbd017edd2c1fefb359320 -> 
  custom:video-decoder-webm-vp8: 9c59270c3fd7afecdb556c50c9e8de78 -> 
  custom:audio-decoder-ogg-vorbis: bf7c407c2cedff20999df2af8eb42d56 -> 
  custom:audio-encoder-webm-vorbis: bf7c407c2cedff20999df2af8eb42d56 -> 
========================================================================
Received Import Request.
  path: Assets/floor-color.mat
  artifactKey: Guid(31b663a6aa0be428c8c2ad2cf797b641) Importer(815301076,1909f56bfc062723c751e8b465ee728b)
Start importing Assets/floor-color.mat using Guid(31b663a6aa0be428c8c2ad2cf797b641) Importer(815301076,1909f56bfc062723c751e8b465ee728b)  -> (artifact id: '4d1f80766798e6d7f89587e740566284') in 1.103821 seconds 
  Import took 1.106342 seconds .

========================================================================
Received Import Request.
  Time since last request: 57.123099 seconds.
  path: Assets/wall-color.mat
  artifactKey: Guid(254d4623180fe418ca8f69668853d7e0) Importer(815301076,1909f56bfc062723c751e8b465ee728b)
Start importing Assets/wall-color.mat using Guid(254d4623180fe418ca8f69668853d7e0) Importer(815301076,1909f56bfc062723c751e8b465ee728b)  -> (artifact id: 'a98e8e9080070a0e2dac41fee31461b6') in 0.015404 seconds 
  Import took 0.018085 seconds .

========================================================================
Received Import Request.
  Time since last request: 25.657461 seconds.
  path: Assets/ball-color.mat
  artifactKey: Guid(0f9838b5348a44d47b238572ac7840c8) Importer(815301076,1909f56bfc062723c751e8b465ee728b)
Start importing Assets/ball-color.mat using Guid(0f9838b5348a44d47b238572ac7840c8) Importer(815301076,1909f56bfc062723c751e8b465ee728b)  -> (artifact id: '0d6cce8d64c215955e182e8d53c2c6ca') in 0.008176 seconds 
  Import took 0.010841 seconds .

========================================================================
Received Import Request.
  Time since last request: 54.368062 seconds.
  path: Assets/after-collision.mat
  artifactKey: Guid(b4286ca5360084420a0ef8a619648786) Importer(815301076,1909f56bfc062723c751e8b465ee728b)
Start importing Assets/after-collision.mat using Guid(b4286ca5360084420a0ef8a619648786) Importer(815301076,1909f56bfc062723c751e8b465ee728b)  -> (artifact id: '672e07cc811c2dd1c52c080436c4c7fe') in 0.008340 seconds 
  Import took 0.010875 seconds .

========================================================================
Received Import Request.
  Time since last request: 283.851348 seconds.
  path: Assets/after-collision.mat
  artifactKey: Guid(b4286ca5360084420a0ef8a619648786) Importer(815301076,1909f56bfc062723c751e8b465ee728b)
Start importing Assets/after-collision.mat using Guid(b4286ca5360084420a0ef8a619648786) Importer(815301076,1909f56bfc062723c751e8b465ee728b)  -> (artifact id: '66a4feef2c2525edfc4d4cd2b697272d') in 0.007553 seconds 
  Import took 0.010129 seconds .

========================================================================
Received Import Request.
  Time since last request: 0.000191 seconds.
  path: Assets/floor-color.mat
  artifactKey: Guid(31b663a6aa0be428c8c2ad2cf797b641) Importer(815301076,1909f56bfc062723c751e8b465ee728b)
Start importing Assets/floor-color.mat using Guid(31b663a6aa0be428c8c2ad2cf797b641) Importer(815301076,1909f56bfc062723c751e8b465ee728b)  -> (artifact id: '5070680d5c31e6a2927e482229ad8323') in 0.010830 seconds 
  Import took 0.013163 seconds .

========================================================================
Received Import Request.
  Time since last request: 0.000219 seconds.
  path: Assets/ball-color.mat
  artifactKey: Guid(0f9838b5348a44d47b238572ac7840c8) Importer(815301076,1909f56bfc062723c751e8b465ee728b)
Start importing Assets/ball-color.mat using Guid(0f9838b5348a44d47b238572ac7840c8) Importer(815301076,1909f56bfc062723c751e8b465ee728b)  -> (artifact id: 'd4bb77080b6ef5e7a56857646ee89d34') in 0.007632 seconds 
  Import took 0.009881 seconds .

========================================================================
Received Prepare
Registering precompiled user dll's ...
Registered in 0.004426 seconds.
Begin MonoManager ReloadAssembly
Native extension for OSXStandalone target not found
Refreshing native plugins compatible for Editor in 0.65 ms, found 6 plugins.
Preloading 1 native plugins for Editor in 0.53 ms.
Mono: successfully reloaded assembly
- Completed reload, in  2.295 seconds
Platform modules already initialized, skipping
Switching build target platform(2) subTarget(0) extendedPlatform(0) -> platform(13) subTarget(524294) extendedPlatform(0)
Shader 'Oculus/OVRMRCameraFrameLit': fallback shader 'Alpha-Diffuse' not found
Refreshing native plugins compatible for Editor in 0.60 ms, found 6 plugins.
Preloading 1 native plugins for Editor in 0.39 ms.
Unloading 1976 Unused Serialized files (Serialized files now loaded: 0)
System memory in use before: 180.6 MB.
System memory in use after: 180.4 MB.

Unloading 40 unused Assets to reduce memory usage. Loaded Objects now: 2491.
Total: 1.637750 ms (FindLiveObjects: 0.137875 ms CreateObjectMapping: 0.037167 ms MarkObjects: 1.215792 ms  DeleteObjects: 0.246208 ms)

AssetImportParameters requested are different than current active one (requested -> active):
  custom:video-decoder-ogg-theora: a1e56fd34408186e4bbccfd4996cb3dc -> 
  custom:container-muxer-webm: aa71ff27fc2769a1b78a27578f13a17b -> 
  custom:container-demuxer-webm: 4f35f7cbe854078d1ac9338744f61a02 -> 
  custom:container-demuxer-ogg: 62fdf1f143b41e24485cea50d1cbac27 -> 
  custom:video-encoder-webm-vp8: eb34c28f22e8b96e1ab97ce403110664 -> 
  custom:framework-osx-AVFoundation: e770b220cccbd017edd2c1fefb359320 -> 
  custom:video-decoder-webm-vp8: 9c59270c3fd7afecdb556c50c9e8de78 -> 
  custom:graphics/normal-map-encoding: 01000000000000000000000000000000 -> 02000000000000000000000000000000
  custom:audio-decoder-ogg-vorbis: bf7c407c2cedff20999df2af8eb42d56 -> 
  custom:audio-encoder-webm-vorbis: bf7c407c2cedff20999df2af8eb42d56 -> 
========================================================================
Received Prepare
Registering precompiled user dll's ...
Registered in 0.005210 seconds.
Begin MonoManager ReloadAssembly
Native extension for OSXStandalone target not found
Refreshing native plugins compatible for Editor in 0.62 ms, found 6 plugins.
Preloading 1 native plugins for Editor in 0.43 ms.
Mono: successfully reloaded assembly
- Completed reload, in  2.219 seconds
Platform modules already initialized, skipping
Switching build target platform(2) subTarget(0) extendedPlatform(0) -> platform(13) subTarget(524294) extendedPlatform(0)
Shader 'Oculus/OVRMRCameraFrameLit': fallback shader 'Alpha-Diffuse' not found
Refreshing native plugins compatible for Editor in 0.60 ms, found 6 plugins.
Preloading 1 native plugins for Editor in 0.41 ms.
Unloading 1976 Unused Serialized files (Serialized files now loaded: 0)
System memory in use before: 180.8 MB.
System memory in use after: 180.6 MB.

Unloading 40 unused Assets to reduce memory usage. Loaded Objects now: 2495.
Total: 1.715125 ms (FindLiveObjects: 0.124625 ms CreateObjectMapping: 0.038459 ms MarkObjects: 1.274708 ms  DeleteObjects: 0.276792 ms)

AssetImportParameters requested are different than current active one (requested -> active):
  custom:video-decoder-ogg-theora: a1e56fd34408186e4bbccfd4996cb3dc -> 
  custom:container-muxer-webm: aa71ff27fc2769a1b78a27578f13a17b -> 
  custom:container-demuxer-webm: 4f35f7cbe854078d1ac9338744f61a02 -> 
  custom:container-demuxer-ogg: 62fdf1f143b41e24485cea50d1cbac27 -> 
  custom:video-encoder-webm-vp8: eb34c28f22e8b96e1ab97ce403110664 -> 
  custom:framework-osx-AVFoundation: e770b220cccbd017edd2c1fefb359320 -> 
  custom:video-decoder-webm-vp8: 9c59270c3fd7afecdb556c50c9e8de78 -> 
  custom:graphics/normal-map-encoding: 01000000000000000000000000000000 -> 02000000000000000000000000000000
  custom:audio-decoder-ogg-vorbis: bf7c407c2cedff20999df2af8eb42d56 -> 
  custom:audio-encoder-webm-vorbis: bf7c407c2cedff20999df2af8eb42d56 -> 
========================================================================
Received Prepare
Registering precompiled user dll's ...
Registered in 0.001732 seconds.
Begin MonoManager ReloadAssembly
Native extension for OSXStandalone target not found
Refreshing native plugins compatible for Editor in 0.63 ms, found 6 plugins.
Preloading 1 native plugins for Editor in 0.44 ms.
Mono: successfully reloaded assembly
- Completed reload, in  2.249 seconds
Platform modules already initialized, skipping
Switching build target platform(2) subTarget(0) extendedPlatform(0) -> platform(13) subTarget(524294) extendedPlatform(0)
Shader 'Oculus/OVRMRCameraFrameLit': fallback shader 'Alpha-Diffuse' not found
Refreshing native plugins compatible for Editor in 0.60 ms, found 6 plugins.
Preloading 1 native plugins for Editor in 0.44 ms.
Unloading 1976 Unused Serialized files (Serialized files now loaded: 0)
System memory in use before: 181.1 MB.
System memory in use after: 180.8 MB.

Unloading 40 unused Assets to reduce memory usage. Loaded Objects now: 2499.
Total: 1.656542 ms (FindLiveObjects: 0.112792 ms CreateObjectMapping: 0.036834 ms MarkObjects: 1.228166 ms  DeleteObjects: 0.278084 ms)

AssetImportParameters requested are different than current active one (requested -> active):
  custom:video-decoder-ogg-theora: a1e56fd34408186e4bbccfd4996cb3dc -> 
  custom:container-muxer-webm: aa71ff27fc2769a1b78a27578f13a17b -> 
  custom:container-demuxer-webm: 4f35f7cbe854078d1ac9338744f61a02 -> 
  custom:container-demuxer-ogg: 62fdf1f143b41e24485cea50d1cbac27 -> 
  custom:video-encoder-webm-vp8: eb34c28f22e8b96e1ab97ce403110664 -> 
  custom:framework-osx-AVFoundation: e770b220cccbd017edd2c1fefb359320 -> 
  custom:video-decoder-webm-vp8: 9c59270c3fd7afecdb556c50c9e8de78 -> 
  custom:graphics/normal-map-encoding: 01000000000000000000000000000000 -> 02000000000000000000000000000000
  custom:audio-decoder-ogg-vorbis: bf7c407c2cedff20999df2af8eb42d56 -> 
  custom:audio-encoder-webm-vorbis: bf7c407c2cedff20999df2af8eb42d56 -> 
========================================================================
Received Prepare
Registering precompiled user dll's ...
Registered in 0.005233 seconds.
Begin MonoManager ReloadAssembly
Native extension for OSXStandalone target not found
Refreshing native plugins compatible for Editor in 0.63 ms, found 6 plugins.
Preloading 1 native plugins for Editor in 0.41 ms.
Mono: successfully reloaded assembly
- Completed reload, in  2.261 seconds
Platform modules already initialized, skipping
Switching build target platform(2) subTarget(0) extendedPlatform(0) -> platform(13) subTarget(524294) extendedPlatform(0)
Shader 'Oculus/OVRMRCameraFrameLit': fallback shader 'Alpha-Diffuse' not found
Refreshing native plugins compatible for Editor in 0.59 ms, found 6 plugins.
Preloading 1 native plugins for Editor in 0.42 ms.
Unloading 1977 Unused Serialized files (Serialized files now loaded: 0)
System memory in use before: 181.3 MB.
System memory in use after: 181.1 MB.

Unloading 40 unused Assets to reduce memory usage. Loaded Objects now: 2504.
Total: 1.861250 ms (FindLiveObjects: 0.173834 ms CreateObjectMapping: 0.039000 ms MarkObjects: 1.332667 ms  DeleteObjects: 0.314917 ms)

AssetImportParameters requested are different than current active one (requested -> active):
  custom:video-decoder-ogg-theora: a1e56fd34408186e4bbccfd4996cb3dc -> 
  custom:container-muxer-webm: aa71ff27fc2769a1b78a27578f13a17b -> 
  custom:container-demuxer-webm: 4f35f7cbe854078d1ac9338744f61a02 -> 
  custom:container-demuxer-ogg: 62fdf1f143b41e24485cea50d1cbac27 -> 
  custom:video-encoder-webm-vp8: eb34c28f22e8b96e1ab97ce403110664 -> 
  custom:framework-osx-AVFoundation: e770b220cccbd017edd2c1fefb359320 -> 
  custom:video-decoder-webm-vp8: 9c59270c3fd7afecdb556c50c9e8de78 -> 
  custom:graphics/normal-map-encoding: 01000000000000000000000000000000 -> 02000000000000000000000000000000
  custom:audio-decoder-ogg-vorbis: bf7c407c2cedff20999df2af8eb42d56 -> 
  custom:audio-encoder-webm-vorbis: bf7c407c2cedff20999df2af8eb42d56 -> 
========================================================================
Received Import Request.
  Time since last request: 1536.845993 seconds.
  path: Assets/ColorController.cs
  artifactKey: Guid(451663cac385d4f95b3a83db35fb1fbf) Importer(815301076,1909f56bfc062723c751e8b465ee728b)
Start importing Assets/ColorController.cs using Guid(451663cac385d4f95b3a83db35fb1fbf) Importer(815301076,1909f56bfc062723c751e8b465ee728b)  -> (artifact id: 'f35a379b61dc6e10bd621541a9d61d82') in 0.235839 seconds 
  Import took 0.238673 seconds .

========================================================================
Received Import Request.
  Time since last request: 21.721744 seconds.
  path: Assets/ColorController.cs
  artifactKey: Guid(451663cac385d4f95b3a83db35fb1fbf) Importer(815301076,1909f56bfc062723c751e8b465ee728b)
Start importing Assets/ColorController.cs using Guid(451663cac385d4f95b3a83db35fb1fbf) Importer(815301076,1909f56bfc062723c751e8b465ee728b)  -> (artifact id: 'a28595310c78fb2b2f424a394fd1c7d8') in 0.002027 seconds 
  Import took 0.005010 seconds .

========================================================================
Received Prepare
Registering precompiled user dll's ...
Registered in 0.004444 seconds.
Begin MonoManager ReloadAssembly
Native extension for OSXStandalone target not found
Refreshing native plugins compatible for Editor in 0.63 ms, found 6 plugins.
Preloading 1 native plugins for Editor in 0.43 ms.
Mono: successfully reloaded assembly
- Completed reload, in  2.251 seconds
Platform modules already initialized, skipping
Switching build target platform(2) subTarget(0) extendedPlatform(0) -> platform(13) subTarget(524294) extendedPlatform(0)
Shader 'Oculus/OVRMRCameraFrameLit': fallback shader 'Alpha-Diffuse' not found
Refreshing native plugins compatible for Editor in 0.61 ms, found 6 plugins.
Preloading 1 native plugins for Editor in 0.39 ms.
Unloading 1977 Unused Serialized files (Serialized files now loaded: 0)
System memory in use before: 185.8 MB.
System memory in use after: 185.6 MB.

Unloading 40 unused Assets to reduce memory usage. Loaded Objects now: 2508.
Total: 2.171084 ms (FindLiveObjects: 0.173625 ms CreateObjectMapping: 0.041833 ms MarkObjects: 1.598166 ms  DeleteObjects: 0.356375 ms)

AssetImportParameters requested are different than current active one (requested -> active):
  custom:video-decoder-ogg-theora: a1e56fd34408186e4bbccfd4996cb3dc -> 
  custom:container-muxer-webm: aa71ff27fc2769a1b78a27578f13a17b -> 
  custom:container-demuxer-webm: 4f35f7cbe854078d1ac9338744f61a02 -> 
  custom:container-demuxer-ogg: 62fdf1f143b41e24485cea50d1cbac27 -> 
  custom:video-encoder-webm-vp8: eb34c28f22e8b96e1ab97ce403110664 -> 
  custom:framework-osx-AVFoundation: e770b220cccbd017edd2c1fefb359320 -> 
  custom:video-decoder-webm-vp8: 9c59270c3fd7afecdb556c50c9e8de78 -> 
  custom:graphics/normal-map-encoding: 01000000000000000000000000000000 -> 02000000000000000000000000000000
  custom:audio-decoder-ogg-vorbis: bf7c407c2cedff20999df2af8eb42d56 -> 
  custom:audio-encoder-webm-vorbis: bf7c407c2cedff20999df2af8eb42d56 -> 
========================================================================
Received Prepare
Registering precompiled user dll's ...
Registered in 0.003810 seconds.
Begin MonoManager ReloadAssembly
Native extension for OSXStandalone target not found
Refreshing native plugins compatible for Editor in 0.60 ms, found 6 plugins.
Preloading 1 native plugins for Editor in 0.40 ms.
Mono: successfully reloaded assembly
- Completed reload, in  2.193 seconds
Platform modules already initialized, skipping
Switching build target platform(2) subTarget(0) extendedPlatform(0) -> platform(13) subTarget(524294) extendedPlatform(0)
Shader 'Oculus/OVRMRCameraFrameLit': fallback shader 'Alpha-Diffuse' not found
Refreshing native plugins compatible for Editor in 0.59 ms, found 6 plugins.
Preloading 1 native plugins for Editor in 0.38 ms.
Unloading 1977 Unused Serialized files (Serialized files now loaded: 0)
System memory in use before: 186.1 MB.
System memory in use after: 185.9 MB.

Unloading 40 unused Assets to reduce memory usage. Loaded Objects now: 2512.
Total: 1.701125 ms (FindLiveObjects: 0.135416 ms CreateObjectMapping: 0.039000 ms MarkObjects: 1.226708 ms  DeleteObjects: 0.299250 ms)

AssetImportParameters requested are different than current active one (requested -> active):
  custom:video-decoder-ogg-theora: a1e56fd34408186e4bbccfd4996cb3dc -> 
  custom:container-muxer-webm: aa71ff27fc2769a1b78a27578f13a17b -> 
  custom:container-demuxer-webm: 4f35f7cbe854078d1ac9338744f61a02 -> 
  custom:container-demuxer-ogg: 62fdf1f143b41e24485cea50d1cbac27 -> 
  custom:video-encoder-webm-vp8: eb34c28f22e8b96e1ab97ce403110664 -> 
  custom:framework-osx-AVFoundation: e770b220cccbd017edd2c1fefb359320 -> 
  custom:video-decoder-webm-vp8: 9c59270c3fd7afecdb556c50c9e8de78 -> 
  custom:graphics/normal-map-encoding: 01000000000000000000000000000000 -> 02000000000000000000000000000000
  custom:audio-decoder-ogg-vorbis: bf7c407c2cedff20999df2af8eb42d56 -> 
  custom:audio-encoder-webm-vorbis: bf7c407c2cedff20999df2af8eb42d56 -> 
========================================================================
Received Import Request.
  Time since last request: 903.596646 seconds.
  path: Assets/Resources
  artifactKey: Guid(78c69d2d643a14d7cba3a47ae4b5a857) Importer(815301076,1909f56bfc062723c751e8b465ee728b)
Start importing Assets/Resources using Guid(78c69d2d643a14d7cba3a47ae4b5a857) Importer(815301076,1909f56bfc062723c751e8b465ee728b)  -> (artifact id: '8e9b55cd63a1d83680c983ffff647f16') in 0.004290 seconds 
  Import took 0.006864 seconds .

========================================================================
Received Import Request.
  Time since last request: 0.000175 seconds.
  path: Assets/Resources/OVRPlatformToolSettings.asset
  artifactKey: Guid(11b64729182234ce5a1f05dbc35eaad0) Importer(815301076,1909f56bfc062723c751e8b465ee728b)
Start importing Assets/Resources/OVRPlatformToolSettings.asset using Guid(11b64729182234ce5a1f05dbc35eaad0) Importer(815301076,1909f56bfc062723c751e8b465ee728b)  -> (artifact id: 'bd3d15625c075f5c6dda7a3ba94df7d2') in 0.175838 seconds 
  Import took 0.178130 seconds .

========================================================================
Received Import Request.
  Time since last request: 0.000288 seconds.
  path: Assets/Resources/ONSPSettings.asset
  artifactKey: Guid(8bcd87c817fb145abb0ec37688c7016a) Importer(815301076,1909f56bfc062723c751e8b465ee728b)
Start importing Assets/Resources/ONSPSettings.asset using Guid(8bcd87c817fb145abb0ec37688c7016a) Importer(815301076,1909f56bfc062723c751e8b465ee728b)  -> (artifact id: 'ab82a26c0d6ff2551067c7b185ec335a') in 0.003148 seconds 
  Import took 0.005513 seconds .

========================================================================
Received Import Request.
  Time since last request: 0.000246 seconds.
  path: Assets/Scenes
  artifactKey: Guid(59a5e375ed5a34090b2742f9c9d987b8) Importer(815301076,1909f56bfc062723c751e8b465ee728b)
Start importing Assets/Scenes using Guid(59a5e375ed5a34090b2742f9c9d987b8) Importer(815301076,1909f56bfc062723c751e8b465ee728b)  -> (artifact id: '34cdc5e2bec5dc44505a9e6230307296') in 0.000690 seconds 
  Import took 0.003007 seconds .

========================================================================
Received Prepare
Registering precompiled user dll's ...
Registered in 0.003337 seconds.
Begin MonoManager ReloadAssembly
Native extension for OSXStandalone target not found
Refreshing native plugins compatible for Editor in 0.64 ms, found 6 plugins.
Preloading 1 native plugins for Editor in 0.43 ms.
Mono: successfully reloaded assembly
- Completed reload, in  2.264 seconds
Platform modules already initialized, skipping
Switching build target platform(2) subTarget(0) extendedPlatform(0) -> platform(13) subTarget(524294) extendedPlatform(0)
Shader 'Oculus/OVRMRCameraFrameLit': fallback shader 'Alpha-Diffuse' not found
Refreshing native plugins compatible for Editor in 0.63 ms, found 6 plugins.
Preloading 1 native plugins for Editor in 0.41 ms.
Unloading 1977 Unused Serialized files (Serialized files now loaded: 0)
System memory in use before: 190.5 MB.
System memory in use after: 190.3 MB.

Unloading 40 unused Assets to reduce memory usage. Loaded Objects now: 2516.
Total: 1.762917 ms (FindLiveObjects: 0.143625 ms CreateObjectMapping: 0.039625 ms MarkObjects: 1.271916 ms  DeleteObjects: 0.307042 ms)

AssetImportParameters requested are different than current active one (requested -> active):
  custom:video-decoder-ogg-theora: a1e56fd34408186e4bbccfd4996cb3dc -> 
  custom:container-muxer-webm: aa71ff27fc2769a1b78a27578f13a17b -> 
  custom:container-demuxer-webm: 4f35f7cbe854078d1ac9338744f61a02 -> 
  custom:container-demuxer-ogg: 62fdf1f143b41e24485cea50d1cbac27 -> 
  custom:video-encoder-webm-vp8: eb34c28f22e8b96e1ab97ce403110664 -> 
  custom:framework-osx-AVFoundation: e770b220cccbd017edd2c1fefb359320 -> 
  custom:video-decoder-webm-vp8: 9c59270c3fd7afecdb556c50c9e8de78 -> 
  custom:graphics/normal-map-encoding: 01000000000000000000000000000000 -> 02000000000000000000000000000000
  custom:audio-decoder-ogg-vorbis: bf7c407c2cedff20999df2af8eb42d56 -> 
  custom:audio-encoder-webm-vorbis: bf7c407c2cedff20999df2af8eb42d56 -> 
========================================================================
Received Prepare
Shader 'Oculus/OVRMRCameraFrameLit': fallback shader 'Alpha-Diffuse' not found
Refreshing native plugins compatible for Editor in 3.73 ms, found 6 plugins.
Preloading 1 native plugins for Editor in 0.43 ms.
Unloading 37 Unused Serialized files (Serialized files now loaded: 0)
System memory in use before: 152.0 MB.
System memory in use after: 151.8 MB.

Unloading 37 unused Assets to reduce memory usage. Loaded Objects now: 2516.
Total: 2.643042 ms (FindLiveObjects: 0.184250 ms CreateObjectMapping: 0.041084 ms MarkObjects: 2.032958 ms  DeleteObjects: 0.383917 ms)

AssetImportParameters requested are different than current active one (requested -> active):
  custom:video-decoder-ogg-theora: a1e56fd34408186e4bbccfd4996cb3dc -> 
  custom:container-muxer-webm: aa71ff27fc2769a1b78a27578f13a17b -> 
  custom:container-demuxer-webm: 4f35f7cbe854078d1ac9338744f61a02 -> 
  custom:container-demuxer-ogg: 62fdf1f143b41e24485cea50d1cbac27 -> 
  custom:video-encoder-webm-vp8: eb34c28f22e8b96e1ab97ce403110664 -> 
  custom:framework-osx-AVFoundation: e770b220cccbd017edd2c1fefb359320 -> 
  custom:video-decoder-webm-vp8: 9c59270c3fd7afecdb556c50c9e8de78 -> 
  custom:audio-decoder-ogg-vorbis: bf7c407c2cedff20999df2af8eb42d56 -> 
  custom:audio-encoder-webm-vorbis: bf7c407c2cedff20999df2af8eb42d56 -> 
